Determining if the include file malloc/malloc.h exists failed with the following output:
Change Dir: /home/daehee/fuzzcoin/build/CMakeFiles/CMakeTmp

Run Build Command:"/usr/bin/make" "cmTC_eda93/fast"
/usr/bin/make -f CMakeFiles/cmTC_eda93.dir/build.make CMakeFiles/cmTC_eda93.dir/build
make[1]: Entering directory '/home/daehee/fuzzcoin/build/CMakeFiles/CMakeTmp'
Building C object CMakeFiles/cmTC_eda93.dir/CheckIncludeFile.c.o
/usr/bin/cc    -o CMakeFiles/cmTC_eda93.dir/CheckIncludeFile.c.o   -c /home/daehee/fuzzcoin/build/CMakeFiles/CMakeTmp/CheckIncludeFile.c
/home/daehee/fuzzcoin/build/CMakeFiles/CMakeTmp/CheckIncludeFile.c:1:10: fatal error: malloc/malloc.h: No such file or directory
 #include <malloc/malloc.h>
          ^~~~~~~~~~~~~~~~~
compilation terminated.
make[1]: *** [CMakeFiles/cmTC_eda93.dir/build.make:66: CMakeFiles/cmTC_eda93.dir/CheckIncludeFile.c.o] Error 1
make[1]: Leaving directory '/home/daehee/fuzzcoin/build/CMakeFiles/CMakeTmp'
make: *** [Makefile:121: cmTC_eda93/fast] Error 2


Determining if the include file ndir.h exists failed with the following output:
Change Dir: /home/daehee/fuzzcoin/build/CMakeFiles/CMakeTmp

Run Build Command:"/usr/bin/make" "cmTC_07bb1/fast"
/usr/bin/make -f CMakeFiles/cmTC_07bb1.dir/build.make CMakeFiles/cmTC_07bb1.dir/build
make[1]: Entering directory '/home/daehee/fuzzcoin/build/CMakeFiles/CMakeTmp'
Building C object CMakeFiles/cmTC_07bb1.dir/CheckIncludeFile.c.o
/usr/bin/cc    -o CMakeFiles/cmTC_07bb1.dir/CheckIncludeFile.c.o   -c /home/daehee/fuzzcoin/build/CMakeFiles/CMakeTmp/CheckIncludeFile.c
/home/daehee/fuzzcoin/build/CMakeFiles/CMakeTmp/CheckIncludeFile.c:1:10: fatal error: ndir.h: No such file or directory
 #include <ndir.h>
          ^~~~~~~~
compilation terminated.
make[1]: *** [CMakeFiles/cmTC_07bb1.dir/build.make:66: CMakeFiles/cmTC_07bb1.dir/CheckIncludeFile.c.o] Error 1
make[1]: Leaving directory '/home/daehee/fuzzcoin/build/CMakeFiles/CMakeTmp'
make: *** [Makefile:121: cmTC_07bb1/fast] Error 2


Determining if the include file sys/ndir.h exists failed with the following output:
Change Dir: /home/daehee/fuzzcoin/build/CMakeFiles/CMakeTmp

Run Build Command:"/usr/bin/make" "cmTC_ebee8/fast"
/usr/bin/make -f CMakeFiles/cmTC_ebee8.dir/build.make CMakeFiles/cmTC_ebee8.dir/build
make[1]: Entering directory '/home/daehee/fuzzcoin/build/CMakeFiles/CMakeTmp'
Building C object CMakeFiles/cmTC_ebee8.dir/CheckIncludeFile.c.o
/usr/bin/cc    -o CMakeFiles/cmTC_ebee8.dir/CheckIncludeFile.c.o   -c /home/daehee/fuzzcoin/build/CMakeFiles/CMakeTmp/CheckIncludeFile.c
/home/daehee/fuzzcoin/build/CMakeFiles/CMakeTmp/CheckIncludeFile.c:1:10: fatal error: sys/ndir.h: No such file or directory
 #include <sys/ndir.h>
          ^~~~~~~~~~~~
compilation terminated.
make[1]: *** [CMakeFiles/cmTC_ebee8.dir/build.make:66: CMakeFiles/cmTC_ebee8.dir/CheckIncludeFile.c.o] Error 1
make[1]: Leaving directory '/home/daehee/fuzzcoin/build/CMakeFiles/CMakeTmp'
make: *** [Makefile:121: cmTC_ebee8/fast] Error 2


Determining if the include file valgrind/valgrind.h exists failed with the following output:
Change Dir: /home/daehee/fuzzcoin/build/CMakeFiles/CMakeTmp

Run Build Command:"/usr/bin/make" "cmTC_08313/fast"
/usr/bin/make -f CMakeFiles/cmTC_08313.dir/build.make CMakeFiles/cmTC_08313.dir/build
make[1]: Entering directory '/home/daehee/fuzzcoin/build/CMakeFiles/CMakeTmp'
Building C object CMakeFiles/cmTC_08313.dir/CheckIncludeFile.c.o
/usr/bin/cc    -o CMakeFiles/cmTC_08313.dir/CheckIncludeFile.c.o   -c /home/daehee/fuzzcoin/build/CMakeFiles/CMakeTmp/CheckIncludeFile.c
/home/daehee/fuzzcoin/build/CMakeFiles/CMakeTmp/CheckIncludeFile.c:1:10: fatal error: valgrind/valgrind.h: No such file or directory
 #include <valgrind/valgrind.h>
          ^~~~~~~~~~~~~~~~~~~~~
compilation terminated.
make[1]: *** [CMakeFiles/cmTC_08313.dir/build.make:66: CMakeFiles/cmTC_08313.dir/CheckIncludeFile.c.o] Error 1
make[1]: Leaving directory '/home/daehee/fuzzcoin/build/CMakeFiles/CMakeTmp'
make: *** [Makefile:121: cmTC_08313/fast] Error 2


Determining if the include file mach/mach.h exists failed with the following output:
Change Dir: /home/daehee/fuzzcoin/build/CMakeFiles/CMakeTmp

Run Build Command:"/usr/bin/make" "cmTC_9826e/fast"
/usr/bin/make -f CMakeFiles/cmTC_9826e.dir/build.make CMakeFiles/cmTC_9826e.dir/build
make[1]: Entering directory '/home/daehee/fuzzcoin/build/CMakeFiles/CMakeTmp'
Building C object CMakeFiles/cmTC_9826e.dir/CheckIncludeFile.c.o
/usr/bin/cc    -o CMakeFiles/cmTC_9826e.dir/CheckIncludeFile.c.o   -c /home/daehee/fuzzcoin/build/CMakeFiles/CMakeTmp/CheckIncludeFile.c
/home/daehee/fuzzcoin/build/CMakeFiles/CMakeTmp/CheckIncludeFile.c:1:10: fatal error: mach/mach.h: No such file or directory
 #include <mach/mach.h>
          ^~~~~~~~~~~~~
compilation terminated.
make[1]: *** [CMakeFiles/cmTC_9826e.dir/build.make:66: CMakeFiles/cmTC_9826e.dir/CheckIncludeFile.c.o] Error 1
make[1]: Leaving directory '/home/daehee/fuzzcoin/build/CMakeFiles/CMakeTmp'
make: *** [Makefile:121: cmTC_9826e/fast] Error 2


Determining if the include file histedit.h exists failed with the following output:
Change Dir: /home/daehee/fuzzcoin/build/CMakeFiles/CMakeTmp

Run Build Command:"/usr/bin/make" "cmTC_7dadc/fast"
/usr/bin/make -f CMakeFiles/cmTC_7dadc.dir/build.make CMakeFiles/cmTC_7dadc.dir/build
make[1]: Entering directory '/home/daehee/fuzzcoin/build/CMakeFiles/CMakeTmp'
Building C object CMakeFiles/cmTC_7dadc.dir/CheckIncludeFile.c.o
/usr/bin/cc    -o CMakeFiles/cmTC_7dadc.dir/CheckIncludeFile.c.o   -c /home/daehee/fuzzcoin/build/CMakeFiles/CMakeTmp/CheckIncludeFile.c
/home/daehee/fuzzcoin/build/CMakeFiles/CMakeTmp/CheckIncludeFile.c:1:10: fatal error: histedit.h: No such file or directory
 #include <histedit.h>
          ^~~~~~~~~~~~
compilation terminated.
make[1]: *** [CMakeFiles/cmTC_7dadc.dir/build.make:66: CMakeFiles/cmTC_7dadc.dir/CheckIncludeFile.c.o] Error 1
make[1]: Leaving directory '/home/daehee/fuzzcoin/build/CMakeFiles/CMakeTmp'
make: *** [Makefile:121: cmTC_7dadc/fast] Error 2


Determining if the include file CrashReporterClient.h exists failed with the following output:
Change Dir: /home/daehee/fuzzcoin/build/CMakeFiles/CMakeTmp

Run Build Command:"/usr/bin/make" "cmTC_a83aa/fast"
/usr/bin/make -f CMakeFiles/cmTC_a83aa.dir/build.make CMakeFiles/cmTC_a83aa.dir/build
make[1]: Entering directory '/home/daehee/fuzzcoin/build/CMakeFiles/CMakeTmp'
Building C object CMakeFiles/cmTC_a83aa.dir/CheckIncludeFile.c.o
/usr/bin/cc    -o CMakeFiles/cmTC_a83aa.dir/CheckIncludeFile.c.o   -c /home/daehee/fuzzcoin/build/CMakeFiles/CMakeTmp/CheckIncludeFile.c
/home/daehee/fuzzcoin/build/CMakeFiles/CMakeTmp/CheckIncludeFile.c:1:10: fatal error: CrashReporterClient.h: No such file or directory
 #include <CrashReporterClient.h>
          ^~~~~~~~~~~~~~~~~~~~~~~
compilation terminated.
make[1]: *** [CMakeFiles/cmTC_a83aa.dir/build.make:66: CMakeFiles/cmTC_a83aa.dir/CheckIncludeFile.c.o] Error 1
make[1]: Leaving directory '/home/daehee/fuzzcoin/build/CMakeFiles/CMakeTmp'
make: *** [Makefile:121: cmTC_a83aa/fast] Error 2


Determining if the pthread_create exist failed with the following output:
Change Dir: /home/daehee/fuzzcoin/build/CMakeFiles/CMakeTmp

Run Build Command:"/usr/bin/make" "cmTC_35150/fast"
/usr/bin/make -f CMakeFiles/cmTC_35150.dir/build.make CMakeFiles/cmTC_35150.dir/build
make[1]: Entering directory '/home/daehee/fuzzcoin/build/CMakeFiles/CMakeTmp'
Building C object CMakeFiles/cmTC_35150.dir/CheckSymbolExists.c.o
/usr/bin/cc    -o CMakeFiles/cmTC_35150.dir/CheckSymbolExists.c.o   -c /home/daehee/fuzzcoin/build/CMakeFiles/CMakeTmp/CheckSymbolExists.c
Linking C executable cmTC_35150
/usr/bin/cmake -E cmake_link_script CMakeFiles/cmTC_35150.dir/link.txt --verbose=1
/usr/bin/cc      CMakeFiles/cmTC_35150.dir/CheckSymbolExists.c.o  -o cmTC_35150 -lm 
/usr/bin/ld: CMakeFiles/cmTC_35150.dir/CheckSymbolExists.c.o: in function `main':
CheckSymbolExists.c:(.text+0x1b): undefined reference to `pthread_create'
collect2: error: ld returned 1 exit status
make[1]: *** [CMakeFiles/cmTC_35150.dir/build.make:87: cmTC_35150] Error 1
make[1]: Leaving directory '/home/daehee/fuzzcoin/build/CMakeFiles/CMakeTmp'
make: *** [Makefile:121: cmTC_35150/fast] Error 2

File /home/daehee/fuzzcoin/build/CMakeFiles/CMakeTmp/CheckSymbolExists.c:
/* */
#include <pthread.h>

int main(int argc, char** argv)
{
  (void)argv;
#ifndef pthread_create
  return ((int*)(&pthread_create))[argc];
#else
  (void)argc;
  return 0;
#endif
}

Determining if the function pthread_create exists in the pthreads failed with the following output:
Change Dir: /home/daehee/fuzzcoin/build/CMakeFiles/CMakeTmp

Run Build Command:"/usr/bin/make" "cmTC_69d7d/fast"
/usr/bin/make -f CMakeFiles/cmTC_69d7d.dir/build.make CMakeFiles/cmTC_69d7d.dir/build
make[1]: Entering directory '/home/daehee/fuzzcoin/build/CMakeFiles/CMakeTmp'
Building C object CMakeFiles/cmTC_69d7d.dir/CheckFunctionExists.c.o
/usr/bin/cc   -DCHECK_FUNCTION_EXISTS=pthread_create   -o CMakeFiles/cmTC_69d7d.dir/CheckFunctionExists.c.o   -c /usr/share/cmake-3.13/Modules/CheckFunctionExists.c
Linking C executable cmTC_69d7d
/usr/bin/cmake -E cmake_link_script CMakeFiles/cmTC_69d7d.dir/link.txt --verbose=1
/usr/bin/cc  -DCHECK_FUNCTION_EXISTS=pthread_create    CMakeFiles/cmTC_69d7d.dir/CheckFunctionExists.c.o  -o cmTC_69d7d -lpthreads -lm 
/usr/bin/ld: cannot find -lpthreads
collect2: error: ld returned 1 exit status
make[1]: *** [CMakeFiles/cmTC_69d7d.dir/build.make:87: cmTC_69d7d] Error 1
make[1]: Leaving directory '/home/daehee/fuzzcoin/build/CMakeFiles/CMakeTmp'
make: *** [Makefile:121: cmTC_69d7d/fast] Error 2


Determining if the function setupterm exists in the tinfo failed with the following output:
Change Dir: /home/daehee/fuzzcoin/build/CMakeFiles/CMakeTmp

Run Build Command:"/usr/bin/make" "cmTC_e95c9/fast"
/usr/bin/make -f CMakeFiles/cmTC_e95c9.dir/build.make CMakeFiles/cmTC_e95c9.dir/build
make[1]: Entering directory '/home/daehee/fuzzcoin/build/CMakeFiles/CMakeTmp'
Building C object CMakeFiles/cmTC_e95c9.dir/CheckFunctionExists.c.o
/usr/bin/cc   -DCHECK_FUNCTION_EXISTS=setupterm   -o CMakeFiles/cmTC_e95c9.dir/CheckFunctionExists.c.o   -c /usr/share/cmake-3.13/Modules/CheckFunctionExists.c
Linking C executable cmTC_e95c9
/usr/bin/cmake -E cmake_link_script CMakeFiles/cmTC_e95c9.dir/link.txt --verbose=1
/usr/bin/cc  -DCHECK_FUNCTION_EXISTS=setupterm    CMakeFiles/cmTC_e95c9.dir/CheckFunctionExists.c.o  -o cmTC_e95c9 -ltinfo -lm 
/usr/bin/ld: cannot find -ltinfo
collect2: error: ld returned 1 exit status
make[1]: *** [CMakeFiles/cmTC_e95c9.dir/build.make:87: cmTC_e95c9] Error 1
make[1]: Leaving directory '/home/daehee/fuzzcoin/build/CMakeFiles/CMakeTmp'
make: *** [Makefile:121: cmTC_e95c9/fast] Error 2


Determining if the function setupterm exists in the terminfo failed with the following output:
Change Dir: /home/daehee/fuzzcoin/build/CMakeFiles/CMakeTmp

Run Build Command:"/usr/bin/make" "cmTC_3fbb2/fast"
/usr/bin/make -f CMakeFiles/cmTC_3fbb2.dir/build.make CMakeFiles/cmTC_3fbb2.dir/build
make[1]: Entering directory '/home/daehee/fuzzcoin/build/CMakeFiles/CMakeTmp'
Building C object CMakeFiles/cmTC_3fbb2.dir/CheckFunctionExists.c.o
/usr/bin/cc   -DCHECK_FUNCTION_EXISTS=setupterm   -o CMakeFiles/cmTC_3fbb2.dir/CheckFunctionExists.c.o   -c /usr/share/cmake-3.13/Modules/CheckFunctionExists.c
Linking C executable cmTC_3fbb2
/usr/bin/cmake -E cmake_link_script CMakeFiles/cmTC_3fbb2.dir/link.txt --verbose=1
/usr/bin/cc  -DCHECK_FUNCTION_EXISTS=setupterm    CMakeFiles/cmTC_3fbb2.dir/CheckFunctionExists.c.o  -o cmTC_3fbb2 -lterminfo -lm 
/usr/bin/ld: cannot find -lterminfo
collect2: error: ld returned 1 exit status
make[1]: *** [CMakeFiles/cmTC_3fbb2.dir/build.make:87: cmTC_3fbb2] Error 1
make[1]: Leaving directory '/home/daehee/fuzzcoin/build/CMakeFiles/CMakeTmp'
make: *** [Makefile:121: cmTC_3fbb2/fast] Error 2


Determining if the function setupterm exists in the curses failed with the following output:
Change Dir: /home/daehee/fuzzcoin/build/CMakeFiles/CMakeTmp

Run Build Command:"/usr/bin/make" "cmTC_2b3ab/fast"
/usr/bin/make -f CMakeFiles/cmTC_2b3ab.dir/build.make CMakeFiles/cmTC_2b3ab.dir/build
make[1]: Entering directory '/home/daehee/fuzzcoin/build/CMakeFiles/CMakeTmp'
Building C object CMakeFiles/cmTC_2b3ab.dir/CheckFunctionExists.c.o
/usr/bin/cc   -DCHECK_FUNCTION_EXISTS=setupterm   -o CMakeFiles/cmTC_2b3ab.dir/CheckFunctionExists.c.o   -c /usr/share/cmake-3.13/Modules/CheckFunctionExists.c
Linking C executable cmTC_2b3ab
/usr/bin/cmake -E cmake_link_script CMakeFiles/cmTC_2b3ab.dir/link.txt --verbose=1
/usr/bin/cc  -DCHECK_FUNCTION_EXISTS=setupterm    CMakeFiles/cmTC_2b3ab.dir/CheckFunctionExists.c.o  -o cmTC_2b3ab -lcurses -lm 
/usr/bin/ld: cannot find -lcurses
collect2: error: ld returned 1 exit status
make[1]: *** [CMakeFiles/cmTC_2b3ab.dir/build.make:87: cmTC_2b3ab] Error 1
make[1]: Leaving directory '/home/daehee/fuzzcoin/build/CMakeFiles/CMakeTmp'
make: *** [Makefile:121: cmTC_2b3ab/fast] Error 2


Determining if the function setupterm exists in the ncurses failed with the following output:
Change Dir: /home/daehee/fuzzcoin/build/CMakeFiles/CMakeTmp

Run Build Command:"/usr/bin/make" "cmTC_4f198/fast"
/usr/bin/make -f CMakeFiles/cmTC_4f198.dir/build.make CMakeFiles/cmTC_4f198.dir/build
make[1]: Entering directory '/home/daehee/fuzzcoin/build/CMakeFiles/CMakeTmp'
Building C object CMakeFiles/cmTC_4f198.dir/CheckFunctionExists.c.o
/usr/bin/cc   -DCHECK_FUNCTION_EXISTS=setupterm   -o CMakeFiles/cmTC_4f198.dir/CheckFunctionExists.c.o   -c /usr/share/cmake-3.13/Modules/CheckFunctionExists.c
Linking C executable cmTC_4f198
/usr/bin/cmake -E cmake_link_script CMakeFiles/cmTC_4f198.dir/link.txt --verbose=1
/usr/bin/cc  -DCHECK_FUNCTION_EXISTS=setupterm    CMakeFiles/cmTC_4f198.dir/CheckFunctionExists.c.o  -o cmTC_4f198 -lncurses -lm 
/usr/bin/ld: cannot find -lncurses
collect2: error: ld returned 1 exit status
make[1]: *** [CMakeFiles/cmTC_4f198.dir/build.make:87: cmTC_4f198] Error 1
make[1]: Leaving directory '/home/daehee/fuzzcoin/build/CMakeFiles/CMakeTmp'
make: *** [Makefile:121: cmTC_4f198/fast] Error 2


Determining if the function setupterm exists in the ncursesw failed with the following output:
Change Dir: /home/daehee/fuzzcoin/build/CMakeFiles/CMakeTmp

Run Build Command:"/usr/bin/make" "cmTC_72ac4/fast"
/usr/bin/make -f CMakeFiles/cmTC_72ac4.dir/build.make CMakeFiles/cmTC_72ac4.dir/build
make[1]: Entering directory '/home/daehee/fuzzcoin/build/CMakeFiles/CMakeTmp'
Building C object CMakeFiles/cmTC_72ac4.dir/CheckFunctionExists.c.o
/usr/bin/cc   -DCHECK_FUNCTION_EXISTS=setupterm   -o CMakeFiles/cmTC_72ac4.dir/CheckFunctionExists.c.o   -c /usr/share/cmake-3.13/Modules/CheckFunctionExists.c
Linking C executable cmTC_72ac4
/usr/bin/cmake -E cmake_link_script CMakeFiles/cmTC_72ac4.dir/link.txt --verbose=1
/usr/bin/cc  -DCHECK_FUNCTION_EXISTS=setupterm    CMakeFiles/cmTC_72ac4.dir/CheckFunctionExists.c.o  -o cmTC_72ac4 -lncursesw -lm 
/usr/bin/ld: cannot find -lncursesw
collect2: error: ld returned 1 exit status
make[1]: *** [CMakeFiles/cmTC_72ac4.dir/build.make:87: cmTC_72ac4] Error 1
make[1]: Leaving directory '/home/daehee/fuzzcoin/build/CMakeFiles/CMakeTmp'
make: *** [Makefile:121: cmTC_72ac4/fast] Error 2


Determining if the function xar_open exists in the xar failed with the following output:
Change Dir: /home/daehee/fuzzcoin/build/CMakeFiles/CMakeTmp

Run Build Command:"/usr/bin/make" "cmTC_6fccb/fast"
/usr/bin/make -f CMakeFiles/cmTC_6fccb.dir/build.make CMakeFiles/cmTC_6fccb.dir/build
make[1]: Entering directory '/home/daehee/fuzzcoin/build/CMakeFiles/CMakeTmp'
Building C object CMakeFiles/cmTC_6fccb.dir/CheckFunctionExists.c.o
/usr/bin/cc   -DCHECK_FUNCTION_EXISTS=xar_open   -o CMakeFiles/cmTC_6fccb.dir/CheckFunctionExists.c.o   -c /usr/share/cmake-3.13/Modules/CheckFunctionExists.c
Linking C executable cmTC_6fccb
/usr/bin/cmake -E cmake_link_script CMakeFiles/cmTC_6fccb.dir/link.txt --verbose=1
/usr/bin/cc  -DCHECK_FUNCTION_EXISTS=xar_open    CMakeFiles/cmTC_6fccb.dir/CheckFunctionExists.c.o  -o cmTC_6fccb -lxar -lm 
/usr/bin/ld: cannot find -lxar
collect2: error: ld returned 1 exit status
make[1]: *** [CMakeFiles/cmTC_6fccb.dir/build.make:87: cmTC_6fccb] Error 1
make[1]: Leaving directory '/home/daehee/fuzzcoin/build/CMakeFiles/CMakeTmp'
make: *** [Makefile:121: cmTC_6fccb/fast] Error 2


Determining if the arc4random exist failed with the following output:
Change Dir: /home/daehee/fuzzcoin/build/CMakeFiles/CMakeTmp

Run Build Command:"/usr/bin/make" "cmTC_11e3e/fast"
/usr/bin/make -f CMakeFiles/cmTC_11e3e.dir/build.make CMakeFiles/cmTC_11e3e.dir/build
make[1]: Entering directory '/home/daehee/fuzzcoin/build/CMakeFiles/CMakeTmp'
Building C object CMakeFiles/cmTC_11e3e.dir/CheckSymbolExists.c.o
/usr/bin/cc    -o CMakeFiles/cmTC_11e3e.dir/CheckSymbolExists.c.o   -c /home/daehee/fuzzcoin/build/CMakeFiles/CMakeTmp/CheckSymbolExists.c
/home/daehee/fuzzcoin/build/CMakeFiles/CMakeTmp/CheckSymbolExists.c: In function ‘main’:
/home/daehee/fuzzcoin/build/CMakeFiles/CMakeTmp/CheckSymbolExists.c:8:19: error: ‘arc4random’ undeclared (first use in this function); did you mean ‘srandom’?
   return ((int*)(&arc4random))[argc];
                   ^~~~~~~~~~
                   srandom
/home/daehee/fuzzcoin/build/CMakeFiles/CMakeTmp/CheckSymbolExists.c:8:19: note: each undeclared identifier is reported only once for each function it appears in
make[1]: *** [CMakeFiles/cmTC_11e3e.dir/build.make:66: CMakeFiles/cmTC_11e3e.dir/CheckSymbolExists.c.o] Error 1
make[1]: Leaving directory '/home/daehee/fuzzcoin/build/CMakeFiles/CMakeTmp'
make: *** [Makefile:121: cmTC_11e3e/fast] Error 2

File /home/daehee/fuzzcoin/build/CMakeFiles/CMakeTmp/CheckSymbolExists.c:
/* */
#include <stdlib.h>

int main(int argc, char** argv)
{
  (void)argv;
#ifndef arc4random
  return ((int*)(&arc4random))[argc];
#else
  (void)argc;
  return 0;
#endif
}

Performing C SOURCE FILE Test C_SUPPORTS_WERROR_UNGUARDED_AVAILABILITY_NEW failed with the following output:
Change Dir: /home/daehee/fuzzcoin/build/CMakeFiles/CMakeTmp

Run Build Command:"/usr/bin/make" "cmTC_efa79/fast"
/usr/bin/make -f CMakeFiles/cmTC_efa79.dir/build.make CMakeFiles/cmTC_efa79.dir/build
make[1]: Entering directory '/home/daehee/fuzzcoin/build/CMakeFiles/CMakeTmp'
Building C object CMakeFiles/cmTC_efa79.dir/src.c.o
/usr/bin/cc   -DC_SUPPORTS_WERROR_UNGUARDED_AVAILABILITY_NEW   -Werror=unguarded-availability-new -o CMakeFiles/cmTC_efa79.dir/src.c.o   -c /home/daehee/fuzzcoin/build/CMakeFiles/CMakeTmp/src.c
cc1: error: -Werror=unguarded-availability-new: no option -Wunguarded-availability-new
make[1]: *** [CMakeFiles/cmTC_efa79.dir/build.make:66: CMakeFiles/cmTC_efa79.dir/src.c.o] Error 1
make[1]: Leaving directory '/home/daehee/fuzzcoin/build/CMakeFiles/CMakeTmp'
make: *** [Makefile:121: cmTC_efa79/fast] Error 2

Source file was:
int main(void) { return 0; }
Determining if the mallctl exist failed with the following output:
Change Dir: /home/daehee/fuzzcoin/build/CMakeFiles/CMakeTmp

Run Build Command:"/usr/bin/make" "cmTC_262a8/fast"
/usr/bin/make -f CMakeFiles/cmTC_262a8.dir/build.make CMakeFiles/cmTC_262a8.dir/build
make[1]: Entering directory '/home/daehee/fuzzcoin/build/CMakeFiles/CMakeTmp'
Building C object CMakeFiles/cmTC_262a8.dir/CheckSymbolExists.c.o
/usr/bin/cc    -o CMakeFiles/cmTC_262a8.dir/CheckSymbolExists.c.o   -c /home/daehee/fuzzcoin/build/CMakeFiles/CMakeTmp/CheckSymbolExists.c
/home/daehee/fuzzcoin/build/CMakeFiles/CMakeTmp/CheckSymbolExists.c:2:10: fatal error: malloc_np.h: No such file or directory
 #include <malloc_np.h>
          ^~~~~~~~~~~~~
compilation terminated.
make[1]: *** [CMakeFiles/cmTC_262a8.dir/build.make:66: CMakeFiles/cmTC_262a8.dir/CheckSymbolExists.c.o] Error 1
make[1]: Leaving directory '/home/daehee/fuzzcoin/build/CMakeFiles/CMakeTmp'
make: *** [Makefile:121: cmTC_262a8/fast] Error 2

File /home/daehee/fuzzcoin/build/CMakeFiles/CMakeTmp/CheckSymbolExists.c:
/* */
#include <malloc_np.h>

int main(int argc, char** argv)
{
  (void)argv;
#ifndef mallctl
  return ((int*)(&mallctl))[argc];
#else
  (void)argc;
  return 0;
#endif
}

Determining if the malloc_zone_statistics exist failed with the following output:
Change Dir: /home/daehee/fuzzcoin/build/CMakeFiles/CMakeTmp

Run Build Command:"/usr/bin/make" "cmTC_a02e8/fast"
/usr/bin/make -f CMakeFiles/cmTC_a02e8.dir/build.make CMakeFiles/cmTC_a02e8.dir/build
make[1]: Entering directory '/home/daehee/fuzzcoin/build/CMakeFiles/CMakeTmp'
Building C object CMakeFiles/cmTC_a02e8.dir/CheckSymbolExists.c.o
/usr/bin/cc    -o CMakeFiles/cmTC_a02e8.dir/CheckSymbolExists.c.o   -c /home/daehee/fuzzcoin/build/CMakeFiles/CMakeTmp/CheckSymbolExists.c
/home/daehee/fuzzcoin/build/CMakeFiles/CMakeTmp/CheckSymbolExists.c:2:10: fatal error: malloc/malloc.h: No such file or directory
 #include <malloc/malloc.h>
          ^~~~~~~~~~~~~~~~~
compilation terminated.
make[1]: *** [CMakeFiles/cmTC_a02e8.dir/build.make:66: CMakeFiles/cmTC_a02e8.dir/CheckSymbolExists.c.o] Error 1
make[1]: Leaving directory '/home/daehee/fuzzcoin/build/CMakeFiles/CMakeTmp'
make: *** [Makefile:121: cmTC_a02e8/fast] Error 2

File /home/daehee/fuzzcoin/build/CMakeFiles/CMakeTmp/CheckSymbolExists.c:
/* */
#include <malloc/malloc.h>

int main(int argc, char** argv)
{
  (void)argv;
#ifndef malloc_zone_statistics
  return ((int*)(&malloc_zone_statistics))[argc];
#else
  (void)argc;
  return 0;
#endif
}

Determining if the strerror_s exist failed with the following output:
Change Dir: /home/daehee/fuzzcoin/build/CMakeFiles/CMakeTmp

Run Build Command:"/usr/bin/make" "cmTC_e1ca9/fast"
/usr/bin/make -f CMakeFiles/cmTC_e1ca9.dir/build.make CMakeFiles/cmTC_e1ca9.dir/build
make[1]: Entering directory '/home/daehee/fuzzcoin/build/CMakeFiles/CMakeTmp'
Building C object CMakeFiles/cmTC_e1ca9.dir/CheckSymbolExists.c.o
/usr/bin/cc    -o CMakeFiles/cmTC_e1ca9.dir/CheckSymbolExists.c.o   -c /home/daehee/fuzzcoin/build/CMakeFiles/CMakeTmp/CheckSymbolExists.c
/home/daehee/fuzzcoin/build/CMakeFiles/CMakeTmp/CheckSymbolExists.c: In function ‘main’:
/home/daehee/fuzzcoin/build/CMakeFiles/CMakeTmp/CheckSymbolExists.c:8:19: error: ‘strerror_s’ undeclared (first use in this function); did you mean ‘strerror_l’?
   return ((int*)(&strerror_s))[argc];
                   ^~~~~~~~~~
                   strerror_l
/home/daehee/fuzzcoin/build/CMakeFiles/CMakeTmp/CheckSymbolExists.c:8:19: note: each undeclared identifier is reported only once for each function it appears in
make[1]: *** [CMakeFiles/cmTC_e1ca9.dir/build.make:66: CMakeFiles/cmTC_e1ca9.dir/CheckSymbolExists.c.o] Error 1
make[1]: Leaving directory '/home/daehee/fuzzcoin/build/CMakeFiles/CMakeTmp'
make: *** [Makefile:121: cmTC_e1ca9/fast] Error 2

File /home/daehee/fuzzcoin/build/CMakeFiles/CMakeTmp/CheckSymbolExists.c:
/* */
#include <string.h>

int main(int argc, char** argv)
{
  (void)argv;
#ifndef strerror_s
  return ((int*)(&strerror_s))[argc];
#else
  (void)argc;
  return 0;
#endif
}

Determining if the dladdr exist failed with the following output:
Change Dir: /home/daehee/fuzzcoin/build/CMakeFiles/CMakeTmp

Run Build Command:"/usr/bin/make" "cmTC_2eed9/fast"
/usr/bin/make -f CMakeFiles/cmTC_2eed9.dir/build.make CMakeFiles/cmTC_2eed9.dir/build
make[1]: Entering directory '/home/daehee/fuzzcoin/build/CMakeFiles/CMakeTmp'
Building C object CMakeFiles/cmTC_2eed9.dir/CheckSymbolExists.c.o
/usr/bin/cc    -o CMakeFiles/cmTC_2eed9.dir/CheckSymbolExists.c.o   -c /home/daehee/fuzzcoin/build/CMakeFiles/CMakeTmp/CheckSymbolExists.c
/home/daehee/fuzzcoin/build/CMakeFiles/CMakeTmp/CheckSymbolExists.c: In function ‘main’:
/home/daehee/fuzzcoin/build/CMakeFiles/CMakeTmp/CheckSymbolExists.c:8:19: error: ‘dladdr’ undeclared (first use in this function)
   return ((int*)(&dladdr))[argc];
                   ^~~~~~
/home/daehee/fuzzcoin/build/CMakeFiles/CMakeTmp/CheckSymbolExists.c:8:19: note: each undeclared identifier is reported only once for each function it appears in
make[1]: *** [CMakeFiles/cmTC_2eed9.dir/build.make:66: CMakeFiles/cmTC_2eed9.dir/CheckSymbolExists.c.o] Error 1
make[1]: Leaving directory '/home/daehee/fuzzcoin/build/CMakeFiles/CMakeTmp'
make: *** [Makefile:121: cmTC_2eed9/fast] Error 2

File /home/daehee/fuzzcoin/build/CMakeFiles/CMakeTmp/CheckSymbolExists.c:
/* */
#include <dlfcn.h>

int main(int argc, char** argv)
{
  (void)argv;
#ifndef dladdr
  return ((int*)(&dladdr))[argc];
#else
  (void)argc;
  return 0;
#endif
}

Performing C++ SOURCE FILE Test SUPPORTS_GNU_ZERO_VARIADIC_MACRO_ARGUMENTS_FLAG failed with the following output:
Change Dir: /home/daehee/fuzzcoin/build/CMakeFiles/CMakeTmp

Run Build Command:"/usr/bin/make" "cmTC_b5d2f/fast"
/usr/bin/make -f CMakeFiles/cmTC_b5d2f.dir/build.make CMakeFiles/cmTC_b5d2f.dir/build
make[1]: Entering directory '/home/daehee/fuzzcoin/build/CMakeFiles/CMakeTmp'
Building CXX object CMakeFiles/cmTC_b5d2f.dir/src.cxx.o
/usr/bin/c++    -DSUPPORTS_GNU_ZERO_VARIADIC_MACRO_ARGUMENTS_FLAG   -Wgnu-zero-variadic-macro-arguments -o CMakeFiles/cmTC_b5d2f.dir/src.cxx.o -c /home/daehee/fuzzcoin/build/CMakeFiles/CMakeTmp/src.cxx
c++: error: unrecognized command line option '-Wgnu-zero-variadic-macro-arguments'; did you mean '-Wno-variadic-macros'?
make[1]: *** [CMakeFiles/cmTC_b5d2f.dir/build.make:66: CMakeFiles/cmTC_b5d2f.dir/src.cxx.o] Error 1
make[1]: Leaving directory '/home/daehee/fuzzcoin/build/CMakeFiles/CMakeTmp'
make: *** [Makefile:121: cmTC_b5d2f/fast] Error 2

Source file was:
int main() { return 0; }
Performing C++ SOURCE FILE Test CXX_SUPPORTS_WERROR_UNGUARDED_AVAILABILITY_NEW failed with the following output:
Change Dir: /home/daehee/fuzzcoin/build/CMakeFiles/CMakeTmp

Run Build Command:"/usr/bin/make" "cmTC_779d7/fast"
/usr/bin/make -f CMakeFiles/cmTC_779d7.dir/build.make CMakeFiles/cmTC_779d7.dir/build
make[1]: Entering directory '/home/daehee/fuzzcoin/build/CMakeFiles/CMakeTmp'
Building CXX object CMakeFiles/cmTC_779d7.dir/src.cxx.o
/usr/bin/c++    -fPIC -fvisibility-inlines-hidden -Werror=date-time -DCXX_SUPPORTS_WERROR_UNGUARDED_AVAILABILITY_NEW   -Werror -Werror=unguarded-availability-new -o CMakeFiles/cmTC_779d7.dir/src.cxx.o -c /home/daehee/fuzzcoin/build/CMakeFiles/CMakeTmp/src.cxx
cc1plus: error: -Werror=unguarded-availability-new: no option -Wunguarded-availability-new
make[1]: *** [CMakeFiles/cmTC_779d7.dir/build.make:66: CMakeFiles/cmTC_779d7.dir/src.cxx.o] Error 1
make[1]: Leaving directory '/home/daehee/fuzzcoin/build/CMakeFiles/CMakeTmp'
make: *** [Makefile:121: cmTC_779d7/fast] Error 2

Source file was:
int main() { return 0; }
Performing C SOURCE FILE Test C_SUPPORTS_COVERED_SWITCH_DEFAULT_FLAG failed with the following output:
Change Dir: /home/daehee/fuzzcoin/build/CMakeFiles/CMakeTmp

Run Build Command:"/usr/bin/make" "cmTC_5fddf/fast"
/usr/bin/make -f CMakeFiles/cmTC_5fddf.dir/build.make CMakeFiles/cmTC_5fddf.dir/build
make[1]: Entering directory '/home/daehee/fuzzcoin/build/CMakeFiles/CMakeTmp'
Building C object CMakeFiles/cmTC_5fddf.dir/src.c.o
/usr/bin/cc   -fPIC -Werror=date-time -Wall -W -Wno-unused-parameter -Wwrite-strings -Wno-missing-field-initializers -pedantic -Wno-long-long -DC_SUPPORTS_COVERED_SWITCH_DEFAULT_FLAG   -Werror -Wcovered-switch-default -o CMakeFiles/cmTC_5fddf.dir/src.c.o   -c /home/daehee/fuzzcoin/build/CMakeFiles/CMakeTmp/src.c
cc: error: unrecognized command line option '-Wcovered-switch-default'; did you mean '-Wno-switch-default'?
make[1]: *** [CMakeFiles/cmTC_5fddf.dir/build.make:66: CMakeFiles/cmTC_5fddf.dir/src.c.o] Error 1
make[1]: Leaving directory '/home/daehee/fuzzcoin/build/CMakeFiles/CMakeTmp'
make: *** [Makefile:121: cmTC_5fddf/fast] Error 2

Source file was:
int main(void) { return 0; }
Performing C++ SOURCE FILE Test CXX_SUPPORTS_COVERED_SWITCH_DEFAULT_FLAG failed with the following output:
Change Dir: /home/daehee/fuzzcoin/build/CMakeFiles/CMakeTmp

Run Build Command:"/usr/bin/make" "cmTC_ae2d0/fast"
/usr/bin/make -f CMakeFiles/cmTC_ae2d0.dir/build.make CMakeFiles/cmTC_ae2d0.dir/build
make[1]: Entering directory '/home/daehee/fuzzcoin/build/CMakeFiles/CMakeTmp'
Building CXX object CMakeFiles/cmTC_ae2d0.dir/src.cxx.o
/usr/bin/c++    -fPIC -fvisibility-inlines-hidden -Werror=date-time -std=c++11 -Wall -W -Wno-unused-parameter -Wwrite-strings -Wcast-qual -Wno-missing-field-initializers -pedantic -Wno-long-long -DCXX_SUPPORTS_COVERED_SWITCH_DEFAULT_FLAG   -Werror -Wcovered-switch-default -o CMakeFiles/cmTC_ae2d0.dir/src.cxx.o -c /home/daehee/fuzzcoin/build/CMakeFiles/CMakeTmp/src.cxx
c++: error: unrecognized command line option '-Wcovered-switch-default'; did you mean '-Wno-switch-default'?
make[1]: *** [CMakeFiles/cmTC_ae2d0.dir/build.make:66: CMakeFiles/cmTC_ae2d0.dir/src.cxx.o] Error 1
make[1]: Leaving directory '/home/daehee/fuzzcoin/build/CMakeFiles/CMakeTmp'
make: *** [Makefile:121: cmTC_ae2d0/fast] Error 2

Source file was:
int main() { return 0; }
Performing C SOURCE FILE Test C_SUPPORTS_DELETE_NON_VIRTUAL_DTOR_FLAG failed with the following output:
Change Dir: /home/daehee/fuzzcoin/build/CMakeFiles/CMakeTmp

Run Build Command:"/usr/bin/make" "cmTC_473ab/fast"
/usr/bin/make -f CMakeFiles/cmTC_473ab.dir/build.make CMakeFiles/cmTC_473ab.dir/build
make[1]: Entering directory '/home/daehee/fuzzcoin/build/CMakeFiles/CMakeTmp'
Building C object CMakeFiles/cmTC_473ab.dir/src.c.o
/usr/bin/cc   -fPIC -Werror=date-time -Wall -W -Wno-unused-parameter -Wwrite-strings -Wno-missing-field-initializers -pedantic -Wno-long-long -DC_SUPPORTS_DELETE_NON_VIRTUAL_DTOR_FLAG   -Werror -Wdelete-non-virtual-dtor -o CMakeFiles/cmTC_473ab.dir/src.c.o   -c /home/daehee/fuzzcoin/build/CMakeFiles/CMakeTmp/src.c
cc1: error: command line option '-Wdelete-non-virtual-dtor' is valid for C++/ObjC++ but not for C [-Werror]
cc1: all warnings being treated as errors
make[1]: *** [CMakeFiles/cmTC_473ab.dir/build.make:66: CMakeFiles/cmTC_473ab.dir/src.c.o] Error 1
make[1]: Leaving directory '/home/daehee/fuzzcoin/build/CMakeFiles/CMakeTmp'
make: *** [Makefile:121: cmTC_473ab/fast] Error 2

Source file was:
int main(void) { return 0; }
Performing C SOURCE FILE Test C_WCOMMENT_ALLOWS_LINE_WRAP failed with the following output:
Change Dir: /home/daehee/fuzzcoin/build/CMakeFiles/CMakeTmp

Run Build Command:"/usr/bin/make" "cmTC_7a9a0/fast"
/usr/bin/make -f CMakeFiles/cmTC_7a9a0.dir/build.make CMakeFiles/cmTC_7a9a0.dir/build
make[1]: Entering directory '/home/daehee/fuzzcoin/build/CMakeFiles/CMakeTmp'
Building C object CMakeFiles/cmTC_7a9a0.dir/src.c.o
/usr/bin/cc -D_GNU_SOURCE  -fPIC -Werror=date-time -Wall -W -Wno-unused-parameter -Wwrite-strings -Wno-missing-field-initializers -pedantic -Wno-long-long -DC_WCOMMENT_ALLOWS_LINE_WRAP  -Werror -Wcomment   -o CMakeFiles/cmTC_7a9a0.dir/src.c.o   -c /home/daehee/fuzzcoin/build/CMakeFiles/CMakeTmp/src.c
/home/daehee/fuzzcoin/build/CMakeFiles/CMakeTmp/src.c:1:1: error: multi-line comment [-Werror=comment]
 // \
 ^
cc1: all warnings being treated as errors
make[1]: *** [CMakeFiles/cmTC_7a9a0.dir/build.make:66: CMakeFiles/cmTC_7a9a0.dir/src.c.o] Error 1
make[1]: Leaving directory '/home/daehee/fuzzcoin/build/CMakeFiles/CMakeTmp'
make: *** [Makefile:121: cmTC_7a9a0/fast] Error 2

Source file was:
// \
//
int main() {return 0;}
Performing C SOURCE FILE Test C_SUPPORTS_STRING_CONVERSION_FLAG failed with the following output:
Change Dir: /home/daehee/fuzzcoin/build/CMakeFiles/CMakeTmp

Run Build Command:"/usr/bin/make" "cmTC_7f1be/fast"
/usr/bin/make -f CMakeFiles/cmTC_7f1be.dir/build.make CMakeFiles/cmTC_7f1be.dir/build
make[1]: Entering directory '/home/daehee/fuzzcoin/build/CMakeFiles/CMakeTmp'
Building C object CMakeFiles/cmTC_7f1be.dir/src.c.o
/usr/bin/cc   -fPIC -Werror=date-time -Wall -W -Wno-unused-parameter -Wwrite-strings -Wno-missing-field-initializers -pedantic -Wno-long-long -Wno-comment -DC_SUPPORTS_STRING_CONVERSION_FLAG   -Werror -Wstring-conversion -o CMakeFiles/cmTC_7f1be.dir/src.c.o   -c /home/daehee/fuzzcoin/build/CMakeFiles/CMakeTmp/src.c
cc: error: unrecognized command line option '-Wstring-conversion'; did you mean '-Wint-conversion'?
make[1]: *** [CMakeFiles/cmTC_7f1be.dir/build.make:66: CMakeFiles/cmTC_7f1be.dir/src.c.o] Error 1
make[1]: Leaving directory '/home/daehee/fuzzcoin/build/CMakeFiles/CMakeTmp'
make: *** [Makefile:121: cmTC_7f1be/fast] Error 2

Source file was:
int main(void) { return 0; }
Performing C++ SOURCE FILE Test CXX_SUPPORTS_STRING_CONVERSION_FLAG failed with the following output:
Change Dir: /home/daehee/fuzzcoin/build/CMakeFiles/CMakeTmp

Run Build Command:"/usr/bin/make" "cmTC_94529/fast"
/usr/bin/make -f CMakeFiles/cmTC_94529.dir/build.make CMakeFiles/cmTC_94529.dir/build
make[1]: Entering directory '/home/daehee/fuzzcoin/build/CMakeFiles/CMakeTmp'
Building CXX object CMakeFiles/cmTC_94529.dir/src.cxx.o
/usr/bin/c++    -fPIC -fvisibility-inlines-hidden -Werror=date-time -std=c++11 -Wall -W -Wno-unused-parameter -Wwrite-strings -Wcast-qual -Wno-missing-field-initializers -pedantic -Wno-long-long -Wno-maybe-uninitialized -Wdelete-non-virtual-dtor -Wno-comment -DCXX_SUPPORTS_STRING_CONVERSION_FLAG   -Werror -Wstring-conversion -o CMakeFiles/cmTC_94529.dir/src.cxx.o -c /home/daehee/fuzzcoin/build/CMakeFiles/CMakeTmp/src.cxx
c++: error: unrecognized command line option '-Wstring-conversion'; did you mean '-Wint-conversion'?
make[1]: *** [CMakeFiles/cmTC_94529.dir/build.make:66: CMakeFiles/cmTC_94529.dir/src.cxx.o] Error 1
make[1]: Leaving directory '/home/daehee/fuzzcoin/build/CMakeFiles/CMakeTmp'
make: *** [Makefile:121: cmTC_94529/fast] Error 2

Source file was:
int main() { return 0; }
Performing C++ SOURCE FILE Test COMPILER_RT_HAS_FNO_SANITIZE_SAFE_STACK_FLAG failed with the following output:
Change Dir: /home/daehee/fuzzcoin/build/CMakeFiles/CMakeTmp

Run Build Command:"/usr/bin/make" "cmTC_30e41/fast"
/usr/bin/make -f CMakeFiles/cmTC_30e41.dir/build.make CMakeFiles/cmTC_30e41.dir/build
make[1]: Entering directory '/home/daehee/fuzzcoin/build/CMakeFiles/CMakeTmp'
Building CXX object CMakeFiles/cmTC_30e41.dir/src.cxx.o
/usr/bin/c++    -fPIC -fvisibility-inlines-hidden -Werror=date-time -std=c++11 -Wall -W -Wno-unused-parameter -Wwrite-strings -Wcast-qual -Wno-missing-field-initializers -pedantic -Wno-long-long -Wno-maybe-uninitialized -Wdelete-non-virtual-dtor -Wno-comment -ffunction-sections -fdata-sections -DCOMPILER_RT_HAS_FNO_SANITIZE_SAFE_STACK_FLAG  -nodefaultlibs   -fno-sanitize=safe-stack -o CMakeFiles/cmTC_30e41.dir/src.cxx.o -c /home/daehee/fuzzcoin/build/CMakeFiles/CMakeTmp/src.cxx
c++: error: unrecognized argument to -fno-sanitize= option: 'safe-stack'
make[1]: *** [CMakeFiles/cmTC_30e41.dir/build.make:66: CMakeFiles/cmTC_30e41.dir/src.cxx.o] Error 1
make[1]: Leaving directory '/home/daehee/fuzzcoin/build/CMakeFiles/CMakeTmp'
make: *** [Makefile:121: cmTC_30e41/fast] Error 2

Source file was:
int main() { return 0; }
Performing C++ SOURCE FILE Test COMPILER_RT_HAS_MCRC_FLAG failed with the following output:
Change Dir: /home/daehee/fuzzcoin/build/CMakeFiles/CMakeTmp

Run Build Command:"/usr/bin/make" "cmTC_d2165/fast"
/usr/bin/make -f CMakeFiles/cmTC_d2165.dir/build.make CMakeFiles/cmTC_d2165.dir/build
make[1]: Entering directory '/home/daehee/fuzzcoin/build/CMakeFiles/CMakeTmp'
Building CXX object CMakeFiles/cmTC_d2165.dir/src.cxx.o
/usr/bin/c++    -fPIC -fvisibility-inlines-hidden -Werror=date-time -std=c++11 -Wall -W -Wno-unused-parameter -Wwrite-strings -Wcast-qual -Wno-missing-field-initializers -pedantic -Wno-long-long -Wno-maybe-uninitialized -Wdelete-non-virtual-dtor -Wno-comment -ffunction-sections -fdata-sections -DCOMPILER_RT_HAS_MCRC_FLAG  -nodefaultlibs   -Werror -mcrc -o CMakeFiles/cmTC_d2165.dir/src.cxx.o -c /home/daehee/fuzzcoin/build/CMakeFiles/CMakeTmp/src.cxx
c++: error: unrecognized command line option '-mcrc'; did you mean '-mcld'?
make[1]: *** [CMakeFiles/cmTC_d2165.dir/build.make:66: CMakeFiles/cmTC_d2165.dir/src.cxx.o] Error 1
make[1]: Leaving directory '/home/daehee/fuzzcoin/build/CMakeFiles/CMakeTmp'
make: *** [Makefile:121: cmTC_d2165/fast] Error 2

Source file was:
int main() { return 0; }
Performing C++ SOURCE FILE Test COMPILER_RT_HAS_GR_FLAG failed with the following output:
Change Dir: /home/daehee/fuzzcoin/build/CMakeFiles/CMakeTmp

Run Build Command:"/usr/bin/make" "cmTC_fdc20/fast"
/usr/bin/make -f CMakeFiles/cmTC_fdc20.dir/build.make CMakeFiles/cmTC_fdc20.dir/build
make[1]: Entering directory '/home/daehee/fuzzcoin/build/CMakeFiles/CMakeTmp'
Building CXX object CMakeFiles/cmTC_fdc20.dir/src.cxx.o
/usr/bin/c++    -fPIC -fvisibility-inlines-hidden -Werror=date-time -std=c++11 -Wall -W -Wno-unused-parameter -Wwrite-strings -Wcast-qual -Wno-missing-field-initializers -pedantic -Wno-long-long -Wno-maybe-uninitialized -Wdelete-non-virtual-dtor -Wno-comment -ffunction-sections -fdata-sections -DCOMPILER_RT_HAS_GR_FLAG  -nodefaultlibs   /GR -o CMakeFiles/cmTC_fdc20.dir/src.cxx.o -c /home/daehee/fuzzcoin/build/CMakeFiles/CMakeTmp/src.cxx
c++: error: /GR: No such file or directory
make[1]: *** [CMakeFiles/cmTC_fdc20.dir/build.make:66: CMakeFiles/cmTC_fdc20.dir/src.cxx.o] Error 1
make[1]: Leaving directory '/home/daehee/fuzzcoin/build/CMakeFiles/CMakeTmp'
make: *** [Makefile:121: cmTC_fdc20/fast] Error 2

Source file was:
int main() { return 0; }
Performing C++ SOURCE FILE Test COMPILER_RT_HAS_GS_FLAG failed with the following output:
Change Dir: /home/daehee/fuzzcoin/build/CMakeFiles/CMakeTmp

Run Build Command:"/usr/bin/make" "cmTC_64ba8/fast"
/usr/bin/make -f CMakeFiles/cmTC_64ba8.dir/build.make CMakeFiles/cmTC_64ba8.dir/build
make[1]: Entering directory '/home/daehee/fuzzcoin/build/CMakeFiles/CMakeTmp'
Building CXX object CMakeFiles/cmTC_64ba8.dir/src.cxx.o
/usr/bin/c++    -fPIC -fvisibility-inlines-hidden -Werror=date-time -std=c++11 -Wall -W -Wno-unused-parameter -Wwrite-strings -Wcast-qual -Wno-missing-field-initializers -pedantic -Wno-long-long -Wno-maybe-uninitialized -Wdelete-non-virtual-dtor -Wno-comment -ffunction-sections -fdata-sections -DCOMPILER_RT_HAS_GS_FLAG  -nodefaultlibs   /GS -o CMakeFiles/cmTC_64ba8.dir/src.cxx.o -c /home/daehee/fuzzcoin/build/CMakeFiles/CMakeTmp/src.cxx
c++: error: /GS: No such file or directory
make[1]: *** [CMakeFiles/cmTC_64ba8.dir/build.make:66: CMakeFiles/cmTC_64ba8.dir/src.cxx.o] Error 1
make[1]: Leaving directory '/home/daehee/fuzzcoin/build/CMakeFiles/CMakeTmp'
make: *** [Makefile:121: cmTC_64ba8/fast] Error 2

Source file was:
int main() { return 0; }
Performing C++ SOURCE FILE Test COMPILER_RT_HAS_MT_FLAG failed with the following output:
Change Dir: /home/daehee/fuzzcoin/build/CMakeFiles/CMakeTmp

Run Build Command:"/usr/bin/make" "cmTC_8385b/fast"
/usr/bin/make -f CMakeFiles/cmTC_8385b.dir/build.make CMakeFiles/cmTC_8385b.dir/build
make[1]: Entering directory '/home/daehee/fuzzcoin/build/CMakeFiles/CMakeTmp'
Building CXX object CMakeFiles/cmTC_8385b.dir/src.cxx.o
/usr/bin/c++    -fPIC -fvisibility-inlines-hidden -Werror=date-time -std=c++11 -Wall -W -Wno-unused-parameter -Wwrite-strings -Wcast-qual -Wno-missing-field-initializers -pedantic -Wno-long-long -Wno-maybe-uninitialized -Wdelete-non-virtual-dtor -Wno-comment -ffunction-sections -fdata-sections -DCOMPILER_RT_HAS_MT_FLAG  -nodefaultlibs   /MT -o CMakeFiles/cmTC_8385b.dir/src.cxx.o -c /home/daehee/fuzzcoin/build/CMakeFiles/CMakeTmp/src.cxx
c++: error: /MT: No such file or directory
make[1]: *** [CMakeFiles/cmTC_8385b.dir/build.make:66: CMakeFiles/cmTC_8385b.dir/src.cxx.o] Error 1
make[1]: Leaving directory '/home/daehee/fuzzcoin/build/CMakeFiles/CMakeTmp'
make: *** [Makefile:121: cmTC_8385b/fast] Error 2

Source file was:
int main() { return 0; }
Performing C++ SOURCE FILE Test COMPILER_RT_HAS_Oy_FLAG failed with the following output:
Change Dir: /home/daehee/fuzzcoin/build/CMakeFiles/CMakeTmp

Run Build Command:"/usr/bin/make" "cmTC_85624/fast"
/usr/bin/make -f CMakeFiles/cmTC_85624.dir/build.make CMakeFiles/cmTC_85624.dir/build
make[1]: Entering directory '/home/daehee/fuzzcoin/build/CMakeFiles/CMakeTmp'
Building CXX object CMakeFiles/cmTC_85624.dir/src.cxx.o
/usr/bin/c++    -fPIC -fvisibility-inlines-hidden -Werror=date-time -std=c++11 -Wall -W -Wno-unused-parameter -Wwrite-strings -Wcast-qual -Wno-missing-field-initializers -pedantic -Wno-long-long -Wno-maybe-uninitialized -Wdelete-non-virtual-dtor -Wno-comment -ffunction-sections -fdata-sections -DCOMPILER_RT_HAS_Oy_FLAG  -nodefaultlibs   /Oy -o CMakeFiles/cmTC_85624.dir/src.cxx.o -c /home/daehee/fuzzcoin/build/CMakeFiles/CMakeTmp/src.cxx
c++: error: /Oy: No such file or directory
make[1]: *** [CMakeFiles/cmTC_85624.dir/build.make:66: CMakeFiles/cmTC_85624.dir/src.cxx.o] Error 1
make[1]: Leaving directory '/home/daehee/fuzzcoin/build/CMakeFiles/CMakeTmp'
make: *** [Makefile:121: cmTC_85624/fast] Error 2

Source file was:
int main() { return 0; }
Performing C++ SOURCE FILE Test COMPILER_RT_HAS_GLINE_TABLES_ONLY_FLAG failed with the following output:
Change Dir: /home/daehee/fuzzcoin/build/CMakeFiles/CMakeTmp

Run Build Command:"/usr/bin/make" "cmTC_c1fb7/fast"
/usr/bin/make -f CMakeFiles/cmTC_c1fb7.dir/build.make CMakeFiles/cmTC_c1fb7.dir/build
make[1]: Entering directory '/home/daehee/fuzzcoin/build/CMakeFiles/CMakeTmp'
Building CXX object CMakeFiles/cmTC_c1fb7.dir/src.cxx.o
/usr/bin/c++    -fPIC -fvisibility-inlines-hidden -Werror=date-time -std=c++11 -Wall -W -Wno-unused-parameter -Wwrite-strings -Wcast-qual -Wno-missing-field-initializers -pedantic -Wno-long-long -Wno-maybe-uninitialized -Wdelete-non-virtual-dtor -Wno-comment -ffunction-sections -fdata-sections -DCOMPILER_RT_HAS_GLINE_TABLES_ONLY_FLAG  -nodefaultlibs   -gline-tables-only -o CMakeFiles/cmTC_c1fb7.dir/src.cxx.o -c /home/daehee/fuzzcoin/build/CMakeFiles/CMakeTmp/src.cxx
c++: error: unrecognized debug output level 'line-tables-only'
make[1]: *** [CMakeFiles/cmTC_c1fb7.dir/build.make:66: CMakeFiles/cmTC_c1fb7.dir/src.cxx.o] Error 1
make[1]: Leaving directory '/home/daehee/fuzzcoin/build/CMakeFiles/CMakeTmp'
make: *** [Makefile:121: cmTC_c1fb7/fast] Error 2

Source file was:
int main() { return 0; }
Performing C++ SOURCE FILE Test COMPILER_RT_HAS_Zi_FLAG failed with the following output:
Change Dir: /home/daehee/fuzzcoin/build/CMakeFiles/CMakeTmp

Run Build Command:"/usr/bin/make" "cmTC_44599/fast"
/usr/bin/make -f CMakeFiles/cmTC_44599.dir/build.make CMakeFiles/cmTC_44599.dir/build
make[1]: Entering directory '/home/daehee/fuzzcoin/build/CMakeFiles/CMakeTmp'
Building CXX object CMakeFiles/cmTC_44599.dir/src.cxx.o
/usr/bin/c++    -fPIC -fvisibility-inlines-hidden -Werror=date-time -std=c++11 -Wall -W -Wno-unused-parameter -Wwrite-strings -Wcast-qual -Wno-missing-field-initializers -pedantic -Wno-long-long -Wno-maybe-uninitialized -Wdelete-non-virtual-dtor -Wno-comment -ffunction-sections -fdata-sections -DCOMPILER_RT_HAS_Zi_FLAG  -nodefaultlibs   /Zi -o CMakeFiles/cmTC_44599.dir/src.cxx.o -c /home/daehee/fuzzcoin/build/CMakeFiles/CMakeTmp/src.cxx
c++: error: /Zi: No such file or directory
make[1]: *** [CMakeFiles/cmTC_44599.dir/build.make:66: CMakeFiles/cmTC_44599.dir/src.cxx.o] Error 1
make[1]: Leaving directory '/home/daehee/fuzzcoin/build/CMakeFiles/CMakeTmp'
make: *** [Makefile:121: cmTC_44599/fast] Error 2

Source file was:
int main() { return 0; }
Performing C++ SOURCE FILE Test COMPILER_RT_HAS_WGLOBAL_CONSTRUCTORS_FLAG failed with the following output:
Change Dir: /home/daehee/fuzzcoin/build/CMakeFiles/CMakeTmp

Run Build Command:"/usr/bin/make" "cmTC_91a5d/fast"
/usr/bin/make -f CMakeFiles/cmTC_91a5d.dir/build.make CMakeFiles/cmTC_91a5d.dir/build
make[1]: Entering directory '/home/daehee/fuzzcoin/build/CMakeFiles/CMakeTmp'
Building CXX object CMakeFiles/cmTC_91a5d.dir/src.cxx.o
/usr/bin/c++    -fPIC -fvisibility-inlines-hidden -Werror=date-time -std=c++11 -Wall -W -Wno-unused-parameter -Wwrite-strings -Wcast-qual -Wno-missing-field-initializers -pedantic -Wno-long-long -Wno-maybe-uninitialized -Wdelete-non-virtual-dtor -Wno-comment -ffunction-sections -fdata-sections -DCOMPILER_RT_HAS_WGLOBAL_CONSTRUCTORS_FLAG  -nodefaultlibs   -Werror -Wglobal-constructors -o CMakeFiles/cmTC_91a5d.dir/src.cxx.o -c /home/daehee/fuzzcoin/build/CMakeFiles/CMakeTmp/src.cxx
c++: error: unrecognized command line option '-Wglobal-constructors'; did you mean '-felide-constructors'?
make[1]: *** [CMakeFiles/cmTC_91a5d.dir/build.make:66: CMakeFiles/cmTC_91a5d.dir/src.cxx.o] Error 1
make[1]: Leaving directory '/home/daehee/fuzzcoin/build/CMakeFiles/CMakeTmp'
make: *** [Makefile:121: cmTC_91a5d/fast] Error 2

Source file was:
int main() { return 0; }
Performing C++ SOURCE FILE Test COMPILER_RT_HAS_WC99_EXTENSIONS_FLAG failed with the following output:
Change Dir: /home/daehee/fuzzcoin/build/CMakeFiles/CMakeTmp

Run Build Command:"/usr/bin/make" "cmTC_b0a14/fast"
/usr/bin/make -f CMakeFiles/cmTC_b0a14.dir/build.make CMakeFiles/cmTC_b0a14.dir/build
make[1]: Entering directory '/home/daehee/fuzzcoin/build/CMakeFiles/CMakeTmp'
Building CXX object CMakeFiles/cmTC_b0a14.dir/src.cxx.o
/usr/bin/c++    -fPIC -fvisibility-inlines-hidden -Werror=date-time -std=c++11 -Wall -W -Wno-unused-parameter -Wwrite-strings -Wcast-qual -Wno-missing-field-initializers -pedantic -Wno-long-long -Wno-maybe-uninitialized -Wdelete-non-virtual-dtor -Wno-comment -ffunction-sections -fdata-sections -DCOMPILER_RT_HAS_WC99_EXTENSIONS_FLAG  -nodefaultlibs   -Werror -Wc99-extensions -o CMakeFiles/cmTC_b0a14.dir/src.cxx.o -c /home/daehee/fuzzcoin/build/CMakeFiles/CMakeTmp/src.cxx
c++: error: unrecognized command line option '-Wc99-extensions'; did you mean '-fms-extensions'?
make[1]: *** [CMakeFiles/cmTC_b0a14.dir/build.make:66: CMakeFiles/cmTC_b0a14.dir/src.cxx.o] Error 1
make[1]: Leaving directory '/home/daehee/fuzzcoin/build/CMakeFiles/CMakeTmp'
make: *** [Makefile:121: cmTC_b0a14/fast] Error 2

Source file was:
int main() { return 0; }
Performing C++ SOURCE FILE Test COMPILER_RT_HAS_WGNU_FLAG failed with the following output:
Change Dir: /home/daehee/fuzzcoin/build/CMakeFiles/CMakeTmp

Run Build Command:"/usr/bin/make" "cmTC_4d8cf/fast"
/usr/bin/make -f CMakeFiles/cmTC_4d8cf.dir/build.make CMakeFiles/cmTC_4d8cf.dir/build
make[1]: Entering directory '/home/daehee/fuzzcoin/build/CMakeFiles/CMakeTmp'
Building CXX object CMakeFiles/cmTC_4d8cf.dir/src.cxx.o
/usr/bin/c++    -fPIC -fvisibility-inlines-hidden -Werror=date-time -std=c++11 -Wall -W -Wno-unused-parameter -Wwrite-strings -Wcast-qual -Wno-missing-field-initializers -pedantic -Wno-long-long -Wno-maybe-uninitialized -Wdelete-non-virtual-dtor -Wno-comment -ffunction-sections -fdata-sections -DCOMPILER_RT_HAS_WGNU_FLAG  -nodefaultlibs   -Werror -Wgnu -o CMakeFiles/cmTC_4d8cf.dir/src.cxx.o -c /home/daehee/fuzzcoin/build/CMakeFiles/CMakeTmp/src.cxx
c++: error: unrecognized command line option '-Wgnu'
make[1]: *** [CMakeFiles/cmTC_4d8cf.dir/build.make:66: CMakeFiles/cmTC_4d8cf.dir/src.cxx.o] Error 1
make[1]: Leaving directory '/home/daehee/fuzzcoin/build/CMakeFiles/CMakeTmp'
make: *** [Makefile:121: cmTC_4d8cf/fast] Error 2

Source file was:
int main() { return 0; }
Performing C++ SOURCE FILE Test COMPILER_RT_HAS_WCOVERED_SWITCH_DEFAULT_FLAG failed with the following output:
Change Dir: /home/daehee/fuzzcoin/build/CMakeFiles/CMakeTmp

Run Build Command:"/usr/bin/make" "cmTC_c5169/fast"
/usr/bin/make -f CMakeFiles/cmTC_c5169.dir/build.make CMakeFiles/cmTC_c5169.dir/build
make[1]: Entering directory '/home/daehee/fuzzcoin/build/CMakeFiles/CMakeTmp'
Building CXX object CMakeFiles/cmTC_c5169.dir/src.cxx.o
/usr/bin/c++    -fPIC -fvisibility-inlines-hidden -Werror=date-time -std=c++11 -Wall -W -Wno-unused-parameter -Wwrite-strings -Wcast-qual -Wno-missing-field-initializers -pedantic -Wno-long-long -Wno-maybe-uninitialized -Wdelete-non-virtual-dtor -Wno-comment -ffunction-sections -fdata-sections -DCOMPILER_RT_HAS_WCOVERED_SWITCH_DEFAULT_FLAG  -nodefaultlibs   -Werror -Wcovered-switch-default -o CMakeFiles/cmTC_c5169.dir/src.cxx.o -c /home/daehee/fuzzcoin/build/CMakeFiles/CMakeTmp/src.cxx
c++: error: unrecognized command line option '-Wcovered-switch-default'; did you mean '-Wno-switch-default'?
make[1]: *** [CMakeFiles/cmTC_c5169.dir/build.make:66: CMakeFiles/cmTC_c5169.dir/src.cxx.o] Error 1
make[1]: Leaving directory '/home/daehee/fuzzcoin/build/CMakeFiles/CMakeTmp'
make: *** [Makefile:121: cmTC_c5169/fast] Error 2

Source file was:
int main() { return 0; }
Performing C++ SOURCE FILE Test COMPILER_RT_HAS_W4_FLAG failed with the following output:
Change Dir: /home/daehee/fuzzcoin/build/CMakeFiles/CMakeTmp

Run Build Command:"/usr/bin/make" "cmTC_02bc4/fast"
/usr/bin/make -f CMakeFiles/cmTC_02bc4.dir/build.make CMakeFiles/cmTC_02bc4.dir/build
make[1]: Entering directory '/home/daehee/fuzzcoin/build/CMakeFiles/CMakeTmp'
Building CXX object CMakeFiles/cmTC_02bc4.dir/src.cxx.o
/usr/bin/c++    -fPIC -fvisibility-inlines-hidden -Werror=date-time -std=c++11 -Wall -W -Wno-unused-parameter -Wwrite-strings -Wcast-qual -Wno-missing-field-initializers -pedantic -Wno-long-long -Wno-maybe-uninitialized -Wdelete-non-virtual-dtor -Wno-comment -ffunction-sections -fdata-sections -DCOMPILER_RT_HAS_W4_FLAG  -nodefaultlibs   /W4 -o CMakeFiles/cmTC_02bc4.dir/src.cxx.o -c /home/daehee/fuzzcoin/build/CMakeFiles/CMakeTmp/src.cxx
c++: error: /W4: No such file or directory
make[1]: *** [CMakeFiles/cmTC_02bc4.dir/build.make:66: CMakeFiles/cmTC_02bc4.dir/src.cxx.o] Error 1
make[1]: Leaving directory '/home/daehee/fuzzcoin/build/CMakeFiles/CMakeTmp'
make: *** [Makefile:121: cmTC_02bc4/fast] Error 2

Source file was:
int main() { return 0; }
Performing C++ SOURCE FILE Test COMPILER_RT_HAS_WX_FLAG failed with the following output:
Change Dir: /home/daehee/fuzzcoin/build/CMakeFiles/CMakeTmp

Run Build Command:"/usr/bin/make" "cmTC_e115f/fast"
/usr/bin/make -f CMakeFiles/cmTC_e115f.dir/build.make CMakeFiles/cmTC_e115f.dir/build
make[1]: Entering directory '/home/daehee/fuzzcoin/build/CMakeFiles/CMakeTmp'
Building CXX object CMakeFiles/cmTC_e115f.dir/src.cxx.o
/usr/bin/c++    -fPIC -fvisibility-inlines-hidden -Werror=date-time -std=c++11 -Wall -W -Wno-unused-parameter -Wwrite-strings -Wcast-qual -Wno-missing-field-initializers -pedantic -Wno-long-long -Wno-maybe-uninitialized -Wdelete-non-virtual-dtor -Wno-comment -ffunction-sections -fdata-sections -DCOMPILER_RT_HAS_WX_FLAG  -nodefaultlibs   /WX -o CMakeFiles/cmTC_e115f.dir/src.cxx.o -c /home/daehee/fuzzcoin/build/CMakeFiles/CMakeTmp/src.cxx
c++: error: /WX: No such file or directory
make[1]: *** [CMakeFiles/cmTC_e115f.dir/build.make:66: CMakeFiles/cmTC_e115f.dir/src.cxx.o] Error 1
make[1]: Leaving directory '/home/daehee/fuzzcoin/build/CMakeFiles/CMakeTmp'
make: *** [Makefile:121: cmTC_e115f/fast] Error 2

Source file was:
int main() { return 0; }
Performing C++ SOURCE FILE Test COMPILER_RT_HAS_WD4146_FLAG failed with the following output:
Change Dir: /home/daehee/fuzzcoin/build/CMakeFiles/CMakeTmp

Run Build Command:"/usr/bin/make" "cmTC_c85d3/fast"
/usr/bin/make -f CMakeFiles/cmTC_c85d3.dir/build.make CMakeFiles/cmTC_c85d3.dir/build
make[1]: Entering directory '/home/daehee/fuzzcoin/build/CMakeFiles/CMakeTmp'
Building CXX object CMakeFiles/cmTC_c85d3.dir/src.cxx.o
/usr/bin/c++    -fPIC -fvisibility-inlines-hidden -Werror=date-time -std=c++11 -Wall -W -Wno-unused-parameter -Wwrite-strings -Wcast-qual -Wno-missing-field-initializers -pedantic -Wno-long-long -Wno-maybe-uninitialized -Wdelete-non-virtual-dtor -Wno-comment -ffunction-sections -fdata-sections -DCOMPILER_RT_HAS_WD4146_FLAG  -nodefaultlibs   /wd4146 -o CMakeFiles/cmTC_c85d3.dir/src.cxx.o -c /home/daehee/fuzzcoin/build/CMakeFiles/CMakeTmp/src.cxx
c++: error: /wd4146: No such file or directory
make[1]: *** [CMakeFiles/cmTC_c85d3.dir/build.make:66: CMakeFiles/cmTC_c85d3.dir/src.cxx.o] Error 1
make[1]: Leaving directory '/home/daehee/fuzzcoin/build/CMakeFiles/CMakeTmp'
make: *** [Makefile:121: cmTC_c85d3/fast] Error 2

Source file was:
int main() { return 0; }
Performing C++ SOURCE FILE Test COMPILER_RT_HAS_WD4291_FLAG failed with the following output:
Change Dir: /home/daehee/fuzzcoin/build/CMakeFiles/CMakeTmp

Run Build Command:"/usr/bin/make" "cmTC_c9660/fast"
/usr/bin/make -f CMakeFiles/cmTC_c9660.dir/build.make CMakeFiles/cmTC_c9660.dir/build
make[1]: Entering directory '/home/daehee/fuzzcoin/build/CMakeFiles/CMakeTmp'
Building CXX object CMakeFiles/cmTC_c9660.dir/src.cxx.o
/usr/bin/c++    -fPIC -fvisibility-inlines-hidden -Werror=date-time -std=c++11 -Wall -W -Wno-unused-parameter -Wwrite-strings -Wcast-qual -Wno-missing-field-initializers -pedantic -Wno-long-long -Wno-maybe-uninitialized -Wdelete-non-virtual-dtor -Wno-comment -ffunction-sections -fdata-sections -DCOMPILER_RT_HAS_WD4291_FLAG  -nodefaultlibs   /wd4291 -o CMakeFiles/cmTC_c9660.dir/src.cxx.o -c /home/daehee/fuzzcoin/build/CMakeFiles/CMakeTmp/src.cxx
c++: error: /wd4291: No such file or directory
make[1]: *** [CMakeFiles/cmTC_c9660.dir/build.make:66: CMakeFiles/cmTC_c9660.dir/src.cxx.o] Error 1
make[1]: Leaving directory '/home/daehee/fuzzcoin/build/CMakeFiles/CMakeTmp'
make: *** [Makefile:121: cmTC_c9660/fast] Error 2

Source file was:
int main() { return 0; }
Performing C++ SOURCE FILE Test COMPILER_RT_HAS_WD4221_FLAG failed with the following output:
Change Dir: /home/daehee/fuzzcoin/build/CMakeFiles/CMakeTmp

Run Build Command:"/usr/bin/make" "cmTC_122da/fast"
/usr/bin/make -f CMakeFiles/cmTC_122da.dir/build.make CMakeFiles/cmTC_122da.dir/build
make[1]: Entering directory '/home/daehee/fuzzcoin/build/CMakeFiles/CMakeTmp'
Building CXX object CMakeFiles/cmTC_122da.dir/src.cxx.o
/usr/bin/c++    -fPIC -fvisibility-inlines-hidden -Werror=date-time -std=c++11 -Wall -W -Wno-unused-parameter -Wwrite-strings -Wcast-qual -Wno-missing-field-initializers -pedantic -Wno-long-long -Wno-maybe-uninitialized -Wdelete-non-virtual-dtor -Wno-comment -ffunction-sections -fdata-sections -DCOMPILER_RT_HAS_WD4221_FLAG  -nodefaultlibs   /wd4221 -o CMakeFiles/cmTC_122da.dir/src.cxx.o -c /home/daehee/fuzzcoin/build/CMakeFiles/CMakeTmp/src.cxx
c++: error: /wd4221: No such file or directory
make[1]: *** [CMakeFiles/cmTC_122da.dir/build.make:66: CMakeFiles/cmTC_122da.dir/src.cxx.o] Error 1
make[1]: Leaving directory '/home/daehee/fuzzcoin/build/CMakeFiles/CMakeTmp'
make: *** [Makefile:121: cmTC_122da/fast] Error 2

Source file was:
int main() { return 0; }
Performing C++ SOURCE FILE Test COMPILER_RT_HAS_WD4391_FLAG failed with the following output:
Change Dir: /home/daehee/fuzzcoin/build/CMakeFiles/CMakeTmp

Run Build Command:"/usr/bin/make" "cmTC_56304/fast"
/usr/bin/make -f CMakeFiles/cmTC_56304.dir/build.make CMakeFiles/cmTC_56304.dir/build
make[1]: Entering directory '/home/daehee/fuzzcoin/build/CMakeFiles/CMakeTmp'
Building CXX object CMakeFiles/cmTC_56304.dir/src.cxx.o
/usr/bin/c++    -fPIC -fvisibility-inlines-hidden -Werror=date-time -std=c++11 -Wall -W -Wno-unused-parameter -Wwrite-strings -Wcast-qual -Wno-missing-field-initializers -pedantic -Wno-long-long -Wno-maybe-uninitialized -Wdelete-non-virtual-dtor -Wno-comment -ffunction-sections -fdata-sections -DCOMPILER_RT_HAS_WD4391_FLAG  -nodefaultlibs   /wd4391 -o CMakeFiles/cmTC_56304.dir/src.cxx.o -c /home/daehee/fuzzcoin/build/CMakeFiles/CMakeTmp/src.cxx
c++: error: /wd4391: No such file or directory
make[1]: *** [CMakeFiles/cmTC_56304.dir/build.make:66: CMakeFiles/cmTC_56304.dir/src.cxx.o] Error 1
make[1]: Leaving directory '/home/daehee/fuzzcoin/build/CMakeFiles/CMakeTmp'
make: *** [Makefile:121: cmTC_56304/fast] Error 2

Source file was:
int main() { return 0; }
Performing C++ SOURCE FILE Test COMPILER_RT_HAS_WD4722_FLAG failed with the following output:
Change Dir: /home/daehee/fuzzcoin/build/CMakeFiles/CMakeTmp

Run Build Command:"/usr/bin/make" "cmTC_2c905/fast"
/usr/bin/make -f CMakeFiles/cmTC_2c905.dir/build.make CMakeFiles/cmTC_2c905.dir/build
make[1]: Entering directory '/home/daehee/fuzzcoin/build/CMakeFiles/CMakeTmp'
Building CXX object CMakeFiles/cmTC_2c905.dir/src.cxx.o
/usr/bin/c++    -fPIC -fvisibility-inlines-hidden -Werror=date-time -std=c++11 -Wall -W -Wno-unused-parameter -Wwrite-strings -Wcast-qual -Wno-missing-field-initializers -pedantic -Wno-long-long -Wno-maybe-uninitialized -Wdelete-non-virtual-dtor -Wno-comment -ffunction-sections -fdata-sections -DCOMPILER_RT_HAS_WD4722_FLAG  -nodefaultlibs   /wd4722 -o CMakeFiles/cmTC_2c905.dir/src.cxx.o -c /home/daehee/fuzzcoin/build/CMakeFiles/CMakeTmp/src.cxx
c++: error: /wd4722: No such file or directory
make[1]: *** [CMakeFiles/cmTC_2c905.dir/build.make:66: CMakeFiles/cmTC_2c905.dir/src.cxx.o] Error 1
make[1]: Leaving directory '/home/daehee/fuzzcoin/build/CMakeFiles/CMakeTmp'
make: *** [Makefile:121: cmTC_2c905/fast] Error 2

Source file was:
int main() { return 0; }
Performing C++ SOURCE FILE Test COMPILER_RT_HAS_WD4800_FLAG failed with the following output:
Change Dir: /home/daehee/fuzzcoin/build/CMakeFiles/CMakeTmp

Run Build Command:"/usr/bin/make" "cmTC_40c5e/fast"
/usr/bin/make -f CMakeFiles/cmTC_40c5e.dir/build.make CMakeFiles/cmTC_40c5e.dir/build
make[1]: Entering directory '/home/daehee/fuzzcoin/build/CMakeFiles/CMakeTmp'
Building CXX object CMakeFiles/cmTC_40c5e.dir/src.cxx.o
/usr/bin/c++    -fPIC -fvisibility-inlines-hidden -Werror=date-time -std=c++11 -Wall -W -Wno-unused-parameter -Wwrite-strings -Wcast-qual -Wno-missing-field-initializers -pedantic -Wno-long-long -Wno-maybe-uninitialized -Wdelete-non-virtual-dtor -Wno-comment -ffunction-sections -fdata-sections -DCOMPILER_RT_HAS_WD4800_FLAG  -nodefaultlibs   /wd4800 -o CMakeFiles/cmTC_40c5e.dir/src.cxx.o -c /home/daehee/fuzzcoin/build/CMakeFiles/CMakeTmp/src.cxx
c++: error: /wd4800: No such file or directory
make[1]: *** [CMakeFiles/cmTC_40c5e.dir/build.make:66: CMakeFiles/cmTC_40c5e.dir/src.cxx.o] Error 1
make[1]: Leaving directory '/home/daehee/fuzzcoin/build/CMakeFiles/CMakeTmp'
make: *** [Makefile:121: cmTC_40c5e/fast] Error 2

Source file was:
int main() { return 0; }
Determining if the __i386__ exist failed with the following output:
Change Dir: /home/daehee/fuzzcoin/build/CMakeFiles/CMakeTmp

Run Build Command:"/usr/bin/make" "cmTC_67304/fast"
/usr/bin/make -f CMakeFiles/cmTC_67304.dir/build.make CMakeFiles/cmTC_67304.dir/build
make[1]: Entering directory '/home/daehee/fuzzcoin/build/CMakeFiles/CMakeTmp'
Building C object CMakeFiles/cmTC_67304.dir/CheckSymbolExists.c.o
/usr/bin/cc -D_GNU_SOURCE  -fPIC -Werror=date-time -Wall -W -Wno-unused-parameter -Wwrite-strings -Wno-missing-field-initializers -pedantic -Wno-long-long -Wno-comment -ffunction-sections -fdata-sections  -nodefaultlibs  -m32   -o CMakeFiles/cmTC_67304.dir/CheckSymbolExists.c.o   -c /home/daehee/fuzzcoin/build/CMakeFiles/CMakeTmp/CheckSymbolExists.c
Linking C executable cmTC_67304
/usr/bin/cmake -E cmake_link_script CMakeFiles/cmTC_67304.dir/link.txt --verbose=1
/usr/bin/cc  -fPIC -Werror=date-time -Wall -W -Wno-unused-parameter -Wwrite-strings -Wno-missing-field-initializers -pedantic -Wno-long-long -Wno-comment -ffunction-sections -fdata-sections  -nodefaultlibs  -m32   -fuse-ld=gold -Wl,-allow-shlib-undefined  CMakeFiles/cmTC_67304.dir/CheckSymbolExists.c.o  -o cmTC_67304 -lm -lc -lgcc_s 
/usr/bin/ld.gold: error: cannot open Scrt1.o: No such file or directory
/usr/bin/ld.gold: error: cannot open crti.o: No such file or directory
/usr/bin/ld.gold: error: CMakeFiles/cmTC_67304.dir/CheckSymbolExists.c.o: incompatible target
/usr/bin/ld.gold: error: cannot open crtn.o: No such file or directory
collect2: error: ld returned 1 exit status
make[1]: *** [CMakeFiles/cmTC_67304.dir/build.make:87: cmTC_67304] Error 1
make[1]: Leaving directory '/home/daehee/fuzzcoin/build/CMakeFiles/CMakeTmp'
make: *** [Makefile:121: cmTC_67304/fast] Error 2

File /home/daehee/fuzzcoin/build/CMakeFiles/CMakeTmp/CheckSymbolExists.c:
/* */

int main(int argc, char** argv)
{
  (void)argv;
#ifndef __i386__
  return ((int*)(&__i386__))[argc];
#else
  (void)argc;
  return 0;
#endif
}

Determining if the include file rpc/xdr.h exists failed with the following output:
Change Dir: /home/daehee/fuzzcoin/build/CMakeFiles/CMakeTmp

Run Build Command:"/usr/bin/make" "cmTC_7c8da/fast"
/usr/bin/make -f CMakeFiles/cmTC_7c8da.dir/build.make CMakeFiles/cmTC_7c8da.dir/build
make[1]: Entering directory '/home/daehee/fuzzcoin/build/CMakeFiles/CMakeTmp'
Building C object CMakeFiles/cmTC_7c8da.dir/CheckIncludeFile.c.o
/usr/bin/cc -D_GNU_SOURCE  -fPIC -Werror=date-time -Wall -W -Wno-unused-parameter -Wwrite-strings -Wno-missing-field-initializers -pedantic -Wno-long-long -Wno-comment -ffunction-sections -fdata-sections -Wall -Wno-unused-parameter  -nodefaultlibs   -o CMakeFiles/cmTC_7c8da.dir/CheckIncludeFile.c.o   -c /home/daehee/fuzzcoin/build/CMakeFiles/CMakeTmp/CheckIncludeFile.c
Linking C executable cmTC_7c8da
/usr/bin/cmake -E cmake_link_script CMakeFiles/cmTC_7c8da.dir/link.txt --verbose=1
/usr/bin/cc  -fPIC -Werror=date-time -Wall -W -Wno-unused-parameter -Wwrite-strings -Wno-missing-field-initializers -pedantic -Wno-long-long -Wno-comment -ffunction-sections -fdata-sections -Wall -Wno-unused-parameter  -nodefaultlibs   -fuse-ld=gold -Wl,-allow-shlib-undefined  CMakeFiles/cmTC_7c8da.dir/CheckIncludeFile.c.o  -o cmTC_7c8da 
/usr/lib/gcc/x86_64-linux-gnu/8/../../../x86_64-linux-gnu/Scrt1.o:function _start: error: undefined reference to '__libc_csu_fini'
/usr/lib/gcc/x86_64-linux-gnu/8/../../../x86_64-linux-gnu/Scrt1.o:function _start: error: undefined reference to '__libc_csu_init'
/usr/lib/gcc/x86_64-linux-gnu/8/../../../x86_64-linux-gnu/Scrt1.o:function _start: error: undefined reference to '__libc_start_main'
collect2: error: ld returned 1 exit status
make[1]: *** [CMakeFiles/cmTC_7c8da.dir/build.make:87: cmTC_7c8da] Error 1
make[1]: Leaving directory '/home/daehee/fuzzcoin/build/CMakeFiles/CMakeTmp'
make: *** [Makefile:121: cmTC_7c8da/fast] Error 2


Determining if the include file tirpc/rpc/xdr.h exists failed with the following output:
Change Dir: /home/daehee/fuzzcoin/build/CMakeFiles/CMakeTmp

Run Build Command:"/usr/bin/make" "cmTC_8320f/fast"
/usr/bin/make -f CMakeFiles/cmTC_8320f.dir/build.make CMakeFiles/cmTC_8320f.dir/build
make[1]: Entering directory '/home/daehee/fuzzcoin/build/CMakeFiles/CMakeTmp'
Building C object CMakeFiles/cmTC_8320f.dir/CheckIncludeFile.c.o
/usr/bin/cc -D_GNU_SOURCE  -fPIC -Werror=date-time -Wall -W -Wno-unused-parameter -Wwrite-strings -Wno-missing-field-initializers -pedantic -Wno-long-long -Wno-comment -ffunction-sections -fdata-sections -Wall -Wno-unused-parameter  -nodefaultlibs   -o CMakeFiles/cmTC_8320f.dir/CheckIncludeFile.c.o   -c /home/daehee/fuzzcoin/build/CMakeFiles/CMakeTmp/CheckIncludeFile.c
/home/daehee/fuzzcoin/build/CMakeFiles/CMakeTmp/CheckIncludeFile.c:1:10: fatal error: tirpc/rpc/xdr.h: No such file or directory
 #include <tirpc/rpc/xdr.h>
          ^~~~~~~~~~~~~~~~~
compilation terminated.
make[1]: *** [CMakeFiles/cmTC_8320f.dir/build.make:66: CMakeFiles/cmTC_8320f.dir/CheckIncludeFile.c.o] Error 1
make[1]: Leaving directory '/home/daehee/fuzzcoin/build/CMakeFiles/CMakeTmp'
make: *** [Makefile:121: cmTC_8320f/fast] Error 2


Testing compiler for supporting FLAGS-fxray-instrument:
Command: /usr/bin/cc;;;;-fPIC;-Werror=date-time;-Wall;-W;-Wno-unused-parameter;-Wwrite-strings;-Wno-missing-field-initializers;-pedantic;-Wno-long-long;-Wno-comment;-ffunction-sections;-fdata-sections;-Wall;-Wno-unused-parameter;-fxray-instrument;-o;/home/daehee/fuzzcoin/build/CMakeFiles/test.o;;;-c;/home/daehee/fuzzcoin/build/CMakeFiles/src.c

cc: error: unrecognized command line option ‘-fxray-instrument’

1
Performing C++ SOURCE FILE Test CXX_SUPPORTS_NO_NESTED_ANON_TYPES_FLAG failed with the following output:
Change Dir: /home/daehee/fuzzcoin/build/CMakeFiles/CMakeTmp

Run Build Command:"/usr/bin/make" "cmTC_a35b6/fast"
/usr/bin/make -f CMakeFiles/cmTC_a35b6.dir/build.make CMakeFiles/cmTC_a35b6.dir/build
make[1]: Entering directory '/home/daehee/fuzzcoin/build/CMakeFiles/CMakeTmp'
Building CXX object CMakeFiles/cmTC_a35b6.dir/src.cxx.o
/usr/bin/c++    -fPIC -fvisibility-inlines-hidden -Werror=date-time -std=c++11 -Wall -W -Wno-unused-parameter -Wwrite-strings -Wcast-qual -Wno-missing-field-initializers -pedantic -Wno-long-long -Wno-maybe-uninitialized -Wdelete-non-virtual-dtor -Wno-comment -ffunction-sections -fdata-sections -fno-common -Woverloaded-virtual -fno-strict-aliasing -DCXX_SUPPORTS_NO_NESTED_ANON_TYPES_FLAG   -Werror -Wnested-anon-types -o CMakeFiles/cmTC_a35b6.dir/src.cxx.o -c /home/daehee/fuzzcoin/build/CMakeFiles/CMakeTmp/src.cxx
c++: error: unrecognized command line option '-Wnested-anon-types'; did you mean '-Wnested-externs'?
make[1]: *** [CMakeFiles/cmTC_a35b6.dir/build.make:66: CMakeFiles/cmTC_a35b6.dir/src.cxx.o] Error 1
make[1]: Leaving directory '/home/daehee/fuzzcoin/build/CMakeFiles/CMakeTmp'
make: *** [Makefile:121: cmTC_a35b6/fast] Error 2

Source file was:
int main() { return 0; }
